<?xml version="1.0" encoding="UTF-8"?>
<!-- Generated by org.testng.reporters.JUnitReportReporter -->
<testsuite hostname="LAPTOP-668BP5IR" failures="0" tests="1" name="airlines.AirlineSample" time="1.254" errors="0" timestamp="2023-06-18T08:19:30 IST" skipped="0">
  <testcase classname="airlines.AirlineSample" name="sample" time="1.254"/>
  <system-out/>
</testsuite> <!-- airlines.AirlineSample -->
